0 info it worked if it ends with ok
1 verbose cli [ '/usr/bin/nodejs', '/usr/bin/npm', 'start' ]
2 info using npm@3.5.2
3 info using node@v4.2.6
4 verbose run-script [ 'prestart', 'start', 'poststart' ]
5 info lifecycle poll-in@1.0.0~prestart: poll-in@1.0.0
6 silly lifecycle poll-in@1.0.0~prestart: no script for prestart, continuing
7 info lifecycle poll-in@1.0.0~start: poll-in@1.0.0
8 verbose lifecycle poll-in@1.0.0~start: unsafe-perm in lifecycle true
9 verbose lifecycle poll-in@1.0.0~start: PATH: /usr/share/npm/bin/node-gyp-bin:/mnt/c/Users/rajat/Documents/JS Projects/FreeCodeCamp Projects/Back End Dev/full-stack/voting-app/node_modules/.bin:/home/rajat/bin:/home/rajat/.local/bin:/usr/local/sbin:/usr/local/bin:/usr/sbin:/usr/bin:/sbin:/bin:/usr/games:/usr/local/games:/mnt/c/Windows/System32:/mnt/c/Windows:/mnt/c/Windows/System32/wbem:/mnt/c/Windows/System32/WindowsPowerShell/v1.0:/mnt/c/Program Files/Git/cmd:/mnt/c/Program Files/Git/mingw64/bin:/mnt/c/Program Files/Git/usr/bin:/mnt/c/Program Files (x86)/Windows Kits/10/Windows Performance Toolkit:/mnt/c/Program Files/dotnet:/mnt/c/Program Files/Calibre2:/mnt/c/Users/rajat/AppData/Local/Microsoft/WindowsApps:/mnt/c/Program Files/Microsoft VS Code/bin:/snap/bin
10 verbose lifecycle poll-in@1.0.0~start: CWD: /mnt/c/Users/rajat/Documents/JS Projects/FreeCodeCamp Projects/Back End Dev/full-stack/voting-app
11 silly lifecycle poll-in@1.0.0~start: Args: [ '-c', './server.js' ]
12 silly lifecycle poll-in@1.0.0~start: Returned: code: 2  signal: null
13 info lifecycle poll-in@1.0.0~start: Failed to exec start script
14 verbose stack Error: poll-in@1.0.0 start: `./server.js`
14 verbose stack Exit status 2
14 verbose stack     at EventEmitter.<anonymous> (/usr/share/npm/lib/utils/lifecycle.js:232:16)
14 verbose stack     at emitTwo (events.js:87:13)
14 verbose stack     at EventEmitter.emit (events.js:172:7)
14 verbose stack     at ChildProcess.<anonymous> (/usr/share/npm/lib/utils/spawn.js:24:14)
14 verbose stack     at emitTwo (events.js:87:13)
14 verbose stack     at ChildProcess.emit (events.js:172:7)
14 verbose stack     at maybeClose (internal/child_process.js:821:16)
14 verbose stack     at Process.ChildProcess._handle.onexit (internal/child_process.js:211:5)
15 verbose pkgid poll-in@1.0.0
16 verbose cwd /mnt/c/Users/rajat/Documents/JS Projects/FreeCodeCamp Projects/Back End Dev/full-stack/voting-app
17 error Linux 4.4.0-43-Microsoft
18 error argv "/usr/bin/nodejs" "/usr/bin/npm" "start"
19 error node v4.2.6
20 error npm  v3.5.2
21 error code ELIFECYCLE
22 error poll-in@1.0.0 start: `./server.js`
22 error Exit status 2
23 error Failed at the poll-in@1.0.0 start script './server.js'.
23 error Make sure you have the latest version of node.js and npm installed.
23 error If you do, this is most likely a problem with the poll-in package,
23 error not with npm itself.
23 error Tell the author that this fails on your system:
23 error     ./server.js
23 error You can get information on how to open an issue for this project with:
23 error     npm bugs poll-in
23 error Or if that isn't available, you can get their info via:
23 error     npm owner ls poll-in
23 error There is likely additional logging output above.
24 verbose exit [ 1, true ]
